<html>
<head>
<title>TestNG:  Default test</title>
<link href="../testng.css" rel="stylesheet" type="text/css" />
<link href="../my-testng.css" rel="stylesheet" type="text/css" />

<style type="text/css">
.log { display: none;} 
.stack-trace { display: none;} 
</style>
<script type="text/javascript">
<!--
function flip(e) {
  current = e.style.display;
  if (current == 'block') {
    e.style.display = 'none';
    return 0;
  }
  else {
    e.style.display = 'block';
    return 1;
  }
}

function toggleBox(szDivId, elem, msg1, msg2)
{
  var res = -1;  if (document.getElementById) {
    res = flip(document.getElementById(szDivId));
  }
  else if (document.all) {
    // this is the way old msie versions work
    res = flip(document.all[szDivId]);
  }
  if(elem) {
    if(res == 0) elem.innerHTML = msg1; else elem.innerHTML = msg2;
  }

}

function toggleAllBoxes() {
  if (document.getElementsByTagName) {
    d = document.getElementsByTagName('div');
    for (i = 0; i < d.length; i++) {
      if (d[i].className == 'log') {
        flip(d[i]);
      }
    }
  }
}

// -->
</script>

</head>
<body>
<h2 align='center'>Default test</h2><table border='1' align="center">
<tr>
<td>Tests passed/Failed/Skipped:</td><td>28/4/0</td>
</tr><tr>
<td>Started on:</td><td>Mon Sep 30 19:50:52 IST 2019</td>
</tr>
<tr><td>Total time:</td><td>9 seconds (9062 ms)</td>
</tr><tr>
<td>Included groups:</td><td></td>
</tr><tr>
<td>Excluded groups:</td><td></td>
</tr>
</table><p/>
<small><i>(Hover the method name to see the test class name)</i></small><p/>
<table width='100%' border='1' class='invocation-failed'>
<tr><td colspan='4' align='center'><b>FAILED TESTS</b></td></tr>
<tr><td><b>Test method</b></td>
<td width="30%"><b>Exception</b></td>
<td width="10%"><b>Time (seconds)</b></td>
<td><b>Instance</b></td>
</tr>
<tr>
<td title='com.atmecs.assessment.testscripts.FootersScript.homefooterValidation()'><b>homefooterValidation</b><br>Test class: com.atmecs.assessment.testscripts.FootersScript<br>Parameters: [Ljava.lang.String;@1a45193b</td>
<td><div><pre>org.junit.ComparisonFailure: Sitemap expected:&lt;[Quality Engineering]&gt; but was:&lt;[assertion not done]&gt;
	at org.junit.Assert.assertEquals(Assert.java:123)
	at com.atmecs.assessment.pages.Footers.sitemapValidation(Footers.java:44)
	at com.atmecs.assessment.pages.Footers.clickOnHeaders(Footers.java:16)
	at com.atmecs.assessment.testscripts.FootersScript.homefooterValidation(FootersScript.java:25)
	at sun.reflect.NativeMethodAccessorImpl.invoke0(Native Method)
	at sun.reflect.NativeMethodAccessorImpl.invoke(NativeMethodAccessorImpl.java:62)
	at sun.reflect.DelegatingMethodAccessorImpl.invoke(DelegatingMethodAccessorImpl.java:43)
	at java.lang.reflect.Method.invoke(Method.java:498)
	at org.testng.internal.MethodInvocationHelper.invokeMethod(MethodInvocationHelper.java:124)
	at org.testng.internal.Invoker.invokeMethod(Invoker.java:583)
	at org.testng.internal.Invoker.invokeTestMethod(Invoker.java:719)
	at org.testng.internal.Invoker.invokeTestMethods(Invoker.java:989)
	at org.testng.internal.TestMethodWorker.invokeTestMethods(TestMethodWorker.java:125)
	at org.testng.internal.TestMethodWorker.run(TestMethodWorker.java:109)
	at org.testng.TestRunner.privateRun(TestRunner.java:648)
	at org.testng.TestRunner.run(TestRunner.java:505)
	at org.testng.SuiteRunner.runTest(SuiteRunner.java:455)
	at org.testng.SuiteRunner.runSequentially(SuiteRunner.java:450)
	at org.testng.SuiteRunner.privateRun(SuiteRunner.java:415)
	at org.testng.SuiteRunner.run(SuiteRunner.java:364)
	at org.testng.SuiteRunnerWorker.runSuite(SuiteRunnerWorker.java:52)
	at org.testng.SuiteRunnerWorker.run(SuiteRunnerWorker.java:84)
	at org.testng.TestNG.runSuitesSequentially(TestNG.java:1208)
	at org.testng.TestNG.runSuitesLocally(TestNG.java:1137)
	at org.testng.TestNG.runSuites(TestNG.java:1049)
	at org.testng.TestNG.run(TestNG.java:1017)
	at org.testng.remote.AbstractRemoteTestNG.run(AbstractRemoteTestNG.java:115)
	at org.testng.remote.RemoteTestNG.initAndRun(RemoteTestNG.java:251)
	at org.testng.remote.RemoteTestNG.main(RemoteTestNG.java:77)
</pre></div><a href='#' onClick='toggleBox("stack-trace1620409359", this, "Click to show all stack frames", "Click to hide stack frames")'>Click to show all stack frames</a>
<div class='stack-trace' id='stack-trace1620409359'><pre>org.junit.ComparisonFailure: Sitemap expected:&lt;[Quality Engineering]&gt; but was:&lt;[assertion not done]&gt;
	at org.junit.Assert.assertEquals(Assert.java:123)
	at com.atmecs.assessment.pages.Footers.sitemapValidation(Footers.java:44)
	at com.atmecs.assessment.pages.Footers.clickOnHeaders(Footers.java:16)
	at com.atmecs.assessment.testscripts.FootersScript.homefooterValidation(FootersScript.java:25)
	at sun.reflect.NativeMethodAccessorImpl.invoke0(Native Method)
	at sun.reflect.NativeMethodAccessorImpl.invoke(NativeMethodAccessorImpl.java:62)
	at sun.reflect.DelegatingMethodAccessorImpl.invoke(DelegatingMethodAccessorImpl.java:43)
	at java.lang.reflect.Method.invoke(Method.java:498)
	at org.testng.internal.MethodInvocationHelper.invokeMethod(MethodInvocationHelper.java:124)
	at org.testng.internal.Invoker.invokeMethod(Invoker.java:583)
	at org.testng.internal.Invoker.invokeTestMethod(Invoker.java:719)
	at org.testng.internal.Invoker.invokeTestMethods(Invoker.java:989)
	at org.testng.internal.TestMethodWorker.invokeTestMethods(TestMethodWorker.java:125)
	at org.testng.internal.TestMethodWorker.run(TestMethodWorker.java:109)
	at org.testng.TestRunner.privateRun(TestRunner.java:648)
	at org.testng.TestRunner.run(TestRunner.java:505)
	at org.testng.SuiteRunner.runTest(SuiteRunner.java:455)
	at org.testng.SuiteRunner.runSequentially(SuiteRunner.java:450)
	at org.testng.SuiteRunner.privateRun(SuiteRunner.java:415)
	at org.testng.SuiteRunner.run(SuiteRunner.java:364)
	at org.testng.SuiteRunnerWorker.runSuite(SuiteRunnerWorker.java:52)
	at org.testng.SuiteRunnerWorker.run(SuiteRunnerWorker.java:84)
	at org.testng.TestNG.runSuitesSequentially(TestNG.java:1208)
	at org.testng.TestNG.runSuitesLocally(TestNG.java:1137)
	at org.testng.TestNG.runSuites(TestNG.java:1049)
	at org.testng.TestNG.run(TestNG.java:1017)
	at org.testng.remote.AbstractRemoteTestNG.run(AbstractRemoteTestNG.java:115)
	at org.testng.remote.RemoteTestNG.initAndRun(RemoteTestNG.java:251)
	at org.testng.remote.RemoteTestNG.main(RemoteTestNG.java:77)
</pre></div></td>
<td>0</td>
<td>com.atmecs.assessment.testscripts.FootersScript@239963d8</td></tr>
<tr>
<td title='com.atmecs.assessment.testscripts.FootersScript.homefooterValidation()'><b>homefooterValidation</b><br>Test class: com.atmecs.assessment.testscripts.FootersScript<br>Parameters: [Ljava.lang.String;@6e6d5d29</td>
<td><div><pre>org.junit.ComparisonFailure: Services expected:&lt;[Automation Engineer]&gt; but was:&lt;[assertion not done]&gt;
	at org.junit.Assert.assertEquals(Assert.java:123)
	at com.atmecs.assessment.pages.Footers.sitemapValidation(Footers.java:44)
	at com.atmecs.assessment.pages.Footers.clickOnHeaders(Footers.java:21)
	at com.atmecs.assessment.testscripts.FootersScript.homefooterValidation(FootersScript.java:25)
	at sun.reflect.NativeMethodAccessorImpl.invoke0(Native Method)
	at sun.reflect.NativeMethodAccessorImpl.invoke(NativeMethodAccessorImpl.java:62)
	at sun.reflect.DelegatingMethodAccessorImpl.invoke(DelegatingMethodAccessorImpl.java:43)
	at java.lang.reflect.Method.invoke(Method.java:498)
	at org.testng.internal.MethodInvocationHelper.invokeMethod(MethodInvocationHelper.java:124)
	at org.testng.internal.Invoker.invokeMethod(Invoker.java:583)
	at org.testng.internal.Invoker.invokeTestMethod(Invoker.java:719)
	at org.testng.internal.Invoker.invokeTestMethods(Invoker.java:989)
	at org.testng.internal.TestMethodWorker.invokeTestMethods(TestMethodWorker.java:125)
	at org.testng.internal.TestMethodWorker.run(TestMethodWorker.java:109)
	at org.testng.TestRunner.privateRun(TestRunner.java:648)
	at org.testng.TestRunner.run(TestRunner.java:505)
	at org.testng.SuiteRunner.runTest(SuiteRunner.java:455)
	at org.testng.SuiteRunner.runSequentially(SuiteRunner.java:450)
	at org.testng.SuiteRunner.privateRun(SuiteRunner.java:415)
	at org.testng.SuiteRunner.run(SuiteRunner.java:364)
	at org.testng.SuiteRunnerWorker.runSuite(SuiteRunnerWorker.java:52)
	at org.testng.SuiteRunnerWorker.run(SuiteRunnerWorker.java:84)
	at org.testng.TestNG.runSuitesSequentially(TestNG.java:1208)
	at org.testng.TestNG.runSuitesLocally(TestNG.java:1137)
	at org.testng.TestNG.runSuites(TestNG.java:1049)
	at org.testng.TestNG.run(TestNG.java:1017)
	at org.testng.remote.AbstractRemoteTestNG.run(AbstractRemoteTestNG.java:115)
	at org.testng.remote.RemoteTestNG.initAndRun(RemoteTestNG.java:251)
	at org.testng.remote.RemoteTestNG.main(RemoteTestNG.java:77)
</pre></div><a href='#' onClick='toggleBox("stack-trace1557989809", this, "Click to show all stack frames", "Click to hide stack frames")'>Click to show all stack frames</a>
<div class='stack-trace' id='stack-trace1557989809'><pre>org.junit.ComparisonFailure: Services expected:&lt;[Automation Engineer]&gt; but was:&lt;[assertion not done]&gt;
	at org.junit.Assert.assertEquals(Assert.java:123)
	at com.atmecs.assessment.pages.Footers.sitemapValidation(Footers.java:44)
	at com.atmecs.assessment.pages.Footers.clickOnHeaders(Footers.java:21)
	at com.atmecs.assessment.testscripts.FootersScript.homefooterValidation(FootersScript.java:25)
	at sun.reflect.NativeMethodAccessorImpl.invoke0(Native Method)
	at sun.reflect.NativeMethodAccessorImpl.invoke(NativeMethodAccessorImpl.java:62)
	at sun.reflect.DelegatingMethodAccessorImpl.invoke(DelegatingMethodAccessorImpl.java:43)
	at java.lang.reflect.Method.invoke(Method.java:498)
	at org.testng.internal.MethodInvocationHelper.invokeMethod(MethodInvocationHelper.java:124)
	at org.testng.internal.Invoker.invokeMethod(Invoker.java:583)
	at org.testng.internal.Invoker.invokeTestMethod(Invoker.java:719)
	at org.testng.internal.Invoker.invokeTestMethods(Invoker.java:989)
	at org.testng.internal.TestMethodWorker.invokeTestMethods(TestMethodWorker.java:125)
	at org.testng.internal.TestMethodWorker.run(TestMethodWorker.java:109)
	at org.testng.TestRunner.privateRun(TestRunner.java:648)
	at org.testng.TestRunner.run(TestRunner.java:505)
	at org.testng.SuiteRunner.runTest(SuiteRunner.java:455)
	at org.testng.SuiteRunner.runSequentially(SuiteRunner.java:450)
	at org.testng.SuiteRunner.privateRun(SuiteRunner.java:415)
	at org.testng.SuiteRunner.run(SuiteRunner.java:364)
	at org.testng.SuiteRunnerWorker.runSuite(SuiteRunnerWorker.java:52)
	at org.testng.SuiteRunnerWorker.run(SuiteRunnerWorker.java:84)
	at org.testng.TestNG.runSuitesSequentially(TestNG.java:1208)
	at org.testng.TestNG.runSuitesLocally(TestNG.java:1137)
	at org.testng.TestNG.runSuites(TestNG.java:1049)
	at org.testng.TestNG.run(TestNG.java:1017)
	at org.testng.remote.AbstractRemoteTestNG.run(AbstractRemoteTestNG.java:115)
	at org.testng.remote.RemoteTestNG.initAndRun(RemoteTestNG.java:251)
	at org.testng.remote.RemoteTestNG.main(RemoteTestNG.java:77)
</pre></div></td>
<td>0</td>
<td>com.atmecs.assessment.testscripts.FootersScript@239963d8</td></tr>
<tr>
<td title='com.atmecs.assessment.testscripts.FootersScript.homefooterValidation()'><b>homefooterValidation</b><br>Test class: com.atmecs.assessment.testscripts.FootersScript<br>Parameters: [Ljava.lang.String;@5c530d1e</td>
<td><div><pre>org.junit.ComparisonFailure: Careers expected:&lt;[US Headquarters]&gt; but was:&lt;[assertion not done]&gt;
	at org.junit.Assert.assertEquals(Assert.java:123)
	at com.atmecs.assessment.pages.Footers.sitemapValidation(Footers.java:44)
	at com.atmecs.assessment.pages.Footers.clickOnHeaders(Footers.java:25)
	at com.atmecs.assessment.testscripts.FootersScript.homefooterValidation(FootersScript.java:25)
	at sun.reflect.NativeMethodAccessorImpl.invoke0(Native Method)
	at sun.reflect.NativeMethodAccessorImpl.invoke(NativeMethodAccessorImpl.java:62)
	at sun.reflect.DelegatingMethodAccessorImpl.invoke(DelegatingMethodAccessorImpl.java:43)
	at java.lang.reflect.Method.invoke(Method.java:498)
	at org.testng.internal.MethodInvocationHelper.invokeMethod(MethodInvocationHelper.java:124)
	at org.testng.internal.Invoker.invokeMethod(Invoker.java:583)
	at org.testng.internal.Invoker.invokeTestMethod(Invoker.java:719)
	at org.testng.internal.Invoker.invokeTestMethods(Invoker.java:989)
	at org.testng.internal.TestMethodWorker.invokeTestMethods(TestMethodWorker.java:125)
	at org.testng.internal.TestMethodWorker.run(TestMethodWorker.java:109)
	at org.testng.TestRunner.privateRun(TestRunner.java:648)
	at org.testng.TestRunner.run(TestRunner.java:505)
	at org.testng.SuiteRunner.runTest(SuiteRunner.java:455)
	at org.testng.SuiteRunner.runSequentially(SuiteRunner.java:450)
	at org.testng.SuiteRunner.privateRun(SuiteRunner.java:415)
	at org.testng.SuiteRunner.run(SuiteRunner.java:364)
	at org.testng.SuiteRunnerWorker.runSuite(SuiteRunnerWorker.java:52)
	at org.testng.SuiteRunnerWorker.run(SuiteRunnerWorker.java:84)
	at org.testng.TestNG.runSuitesSequentially(TestNG.java:1208)
	at org.testng.TestNG.runSuitesLocally(TestNG.java:1137)
	at org.testng.TestNG.runSuites(TestNG.java:1049)
	at org.testng.TestNG.run(TestNG.java:1017)
	at org.testng.remote.AbstractRemoteTestNG.run(AbstractRemoteTestNG.java:115)
	at org.testng.remote.RemoteTestNG.initAndRun(RemoteTestNG.java:251)
	at org.testng.remote.RemoteTestNG.main(RemoteTestNG.java:77)
</pre></div><a href='#' onClick='toggleBox("stack-trace473666452", this, "Click to show all stack frames", "Click to hide stack frames")'>Click to show all stack frames</a>
<div class='stack-trace' id='stack-trace473666452'><pre>org.junit.ComparisonFailure: Careers expected:&lt;[US Headquarters]&gt; but was:&lt;[assertion not done]&gt;
	at org.junit.Assert.assertEquals(Assert.java:123)
	at com.atmecs.assessment.pages.Footers.sitemapValidation(Footers.java:44)
	at com.atmecs.assessment.pages.Footers.clickOnHeaders(Footers.java:25)
	at com.atmecs.assessment.testscripts.FootersScript.homefooterValidation(FootersScript.java:25)
	at sun.reflect.NativeMethodAccessorImpl.invoke0(Native Method)
	at sun.reflect.NativeMethodAccessorImpl.invoke(NativeMethodAccessorImpl.java:62)
	at sun.reflect.DelegatingMethodAccessorImpl.invoke(DelegatingMethodAccessorImpl.java:43)
	at java.lang.reflect.Method.invoke(Method.java:498)
	at org.testng.internal.MethodInvocationHelper.invokeMethod(MethodInvocationHelper.java:124)
	at org.testng.internal.Invoker.invokeMethod(Invoker.java:583)
	at org.testng.internal.Invoker.invokeTestMethod(Invoker.java:719)
	at org.testng.internal.Invoker.invokeTestMethods(Invoker.java:989)
	at org.testng.internal.TestMethodWorker.invokeTestMethods(TestMethodWorker.java:125)
	at org.testng.internal.TestMethodWorker.run(TestMethodWorker.java:109)
	at org.testng.TestRunner.privateRun(TestRunner.java:648)
	at org.testng.TestRunner.run(TestRunner.java:505)
	at org.testng.SuiteRunner.runTest(SuiteRunner.java:455)
	at org.testng.SuiteRunner.runSequentially(SuiteRunner.java:450)
	at org.testng.SuiteRunner.privateRun(SuiteRunner.java:415)
	at org.testng.SuiteRunner.run(SuiteRunner.java:364)
	at org.testng.SuiteRunnerWorker.runSuite(SuiteRunnerWorker.java:52)
	at org.testng.SuiteRunnerWorker.run(SuiteRunnerWorker.java:84)
	at org.testng.TestNG.runSuitesSequentially(TestNG.java:1208)
	at org.testng.TestNG.runSuitesLocally(TestNG.java:1137)
	at org.testng.TestNG.runSuites(TestNG.java:1049)
	at org.testng.TestNG.run(TestNG.java:1017)
	at org.testng.remote.AbstractRemoteTestNG.run(AbstractRemoteTestNG.java:115)
	at org.testng.remote.RemoteTestNG.initAndRun(RemoteTestNG.java:251)
	at org.testng.remote.RemoteTestNG.main(RemoteTestNG.java:77)
</pre></div></td>
<td>0</td>
<td>com.atmecs.assessment.testscripts.FootersScript@239963d8</td></tr>
<tr>
<td title='com.atmecs.assessment.testscripts.FootersScript.homefooterValidation()'><b>homefooterValidation</b><br>Test class: com.atmecs.assessment.testscripts.FootersScript<br>Parameters: [Ljava.lang.String;@6c25e6c4</td>
<td><div><pre>java.lang.AssertionError: Contact Us expected:&lt;null&gt; but was:&lt;assertion not done&gt;
	at org.junit.Assert.fail(Assert.java:91)
	at org.junit.Assert.failNotEquals(Assert.java:645)
	at org.junit.Assert.assertEquals(Assert.java:126)
	at com.atmecs.assessment.pages.Footers.sitemapValidation(Footers.java:44)
	at com.atmecs.assessment.pages.Footers.clickOnHeaders(Footers.java:29)
	at com.atmecs.assessment.testscripts.FootersScript.homefooterValidation(FootersScript.java:25)
	at sun.reflect.NativeMethodAccessorImpl.invoke0(Native Method)
	at sun.reflect.NativeMethodAccessorImpl.invoke(NativeMethodAccessorImpl.java:62)
	at sun.reflect.DelegatingMethodAccessorImpl.invoke(DelegatingMethodAccessorImpl.java:43)
	at java.lang.reflect.Method.invoke(Method.java:498)
	at org.testng.internal.MethodInvocationHelper.invokeMethod(MethodInvocationHelper.java:124)
	at org.testng.internal.Invoker.invokeMethod(Invoker.java:583)
	at org.testng.internal.Invoker.invokeTestMethod(Invoker.java:719)
	at org.testng.internal.Invoker.invokeTestMethods(Invoker.java:989)
	at org.testng.internal.TestMethodWorker.invokeTestMethods(TestMethodWorker.java:125)
	at org.testng.internal.TestMethodWorker.run(TestMethodWorker.java:109)
	at org.testng.TestRunner.privateRun(TestRunner.java:648)
	at org.testng.TestRunner.run(TestRunner.java:505)
	at org.testng.SuiteRunner.runTest(SuiteRunner.java:455)
	at org.testng.SuiteRunner.runSequentially(SuiteRunner.java:450)
	at org.testng.SuiteRunner.privateRun(SuiteRunner.java:415)
	at org.testng.SuiteRunner.run(SuiteRunner.java:364)
	at org.testng.SuiteRunnerWorker.runSuite(SuiteRunnerWorker.java:52)
	at org.testng.SuiteRunnerWorker.run(SuiteRunnerWorker.java:84)
	at org.testng.TestNG.runSuitesSequentially(TestNG.java:1208)
	at org.testng.TestNG.runSuitesLocally(TestNG.java:1137)
	at org.testng.TestNG.runSuites(TestNG.java:1049)
	at org.testng.TestNG.run(TestNG.java:1017)
	at org.testng.remote.AbstractRemoteTestNG.run(AbstractRemoteTestNG.java:115)
	at org.testng.remote.RemoteTestNG.initAndRun(RemoteTestNG.java:251)
	at org.testng.remote.RemoteTestNG.main(RemoteTestNG.java:77)
</pre></div><a href='#' onClick='toggleBox("stack-trace904253669", this, "Click to show all stack frames", "Click to hide stack frames")'>Click to show all stack frames</a>
<div class='stack-trace' id='stack-trace904253669'><pre>java.lang.AssertionError: Contact Us expected:&lt;null&gt; but was:&lt;assertion not done&gt;
	at org.junit.Assert.fail(Assert.java:91)
	at org.junit.Assert.failNotEquals(Assert.java:645)
	at org.junit.Assert.assertEquals(Assert.java:126)
	at com.atmecs.assessment.pages.Footers.sitemapValidation(Footers.java:44)
	at com.atmecs.assessment.pages.Footers.clickOnHeaders(Footers.java:29)
	at com.atmecs.assessment.testscripts.FootersScript.homefooterValidation(FootersScript.java:25)
	at sun.reflect.NativeMethodAccessorImpl.invoke0(Native Method)
	at sun.reflect.NativeMethodAccessorImpl.invoke(NativeMethodAccessorImpl.java:62)
	at sun.reflect.DelegatingMethodAccessorImpl.invoke(DelegatingMethodAccessorImpl.java:43)
	at java.lang.reflect.Method.invoke(Method.java:498)
	at org.testng.internal.MethodInvocationHelper.invokeMethod(MethodInvocationHelper.java:124)
	at org.testng.internal.Invoker.invokeMethod(Invoker.java:583)
	at org.testng.internal.Invoker.invokeTestMethod(Invoker.java:719)
	at org.testng.internal.Invoker.invokeTestMethods(Invoker.java:989)
	at org.testng.internal.TestMethodWorker.invokeTestMethods(TestMethodWorker.java:125)
	at org.testng.internal.TestMethodWorker.run(TestMethodWorker.java:109)
	at org.testng.TestRunner.privateRun(TestRunner.java:648)
	at org.testng.TestRunner.run(TestRunner.java:505)
	at org.testng.SuiteRunner.runTest(SuiteRunner.java:455)
	at org.testng.SuiteRunner.runSequentially(SuiteRunner.java:450)
	at org.testng.SuiteRunner.privateRun(SuiteRunner.java:415)
	at org.testng.SuiteRunner.run(SuiteRunner.java:364)
	at org.testng.SuiteRunnerWorker.runSuite(SuiteRunnerWorker.java:52)
	at org.testng.SuiteRunnerWorker.run(SuiteRunnerWorker.java:84)
	at org.testng.TestNG.runSuitesSequentially(TestNG.java:1208)
	at org.testng.TestNG.runSuitesLocally(TestNG.java:1137)
	at org.testng.TestNG.runSuites(TestNG.java:1049)
	at org.testng.TestNG.run(TestNG.java:1017)
	at org.testng.remote.AbstractRemoteTestNG.run(AbstractRemoteTestNG.java:115)
	at org.testng.remote.RemoteTestNG.initAndRun(RemoteTestNG.java:251)
	at org.testng.remote.RemoteTestNG.main(RemoteTestNG.java:77)
</pre></div></td>
<td>0</td>
<td>com.atmecs.assessment.testscripts.FootersScript@239963d8</td></tr>
</table><p>
<table width='100%' border='1' class='invocation-passed'>
<tr><td colspan='4' align='center'><b>PASSED TESTS</b></td></tr>
<tr><td><b>Test method</b></td>
<td width="30%"><b>Exception</b></td>
<td width="10%"><b>Time (seconds)</b></td>
<td><b>Instance</b></td>
</tr>
<tr>
<td title='com.atmecs.assessment.testscripts.FootersScript.ServicesfooterValidation()'><b>ServicesfooterValidation</b><br>Test class: com.atmecs.assessment.testscripts.FootersScript<br>Parameters: [Ljava.lang.String;@85e6769</td>
<td></td>
<td>0</td>
<td>com.atmecs.assessment.testscripts.FootersScript@239963d8</td></tr>
<tr>
<td title='com.atmecs.assessment.testscripts.FootersScript.ServicesfooterValidation()'><b>ServicesfooterValidation</b><br>Test class: com.atmecs.assessment.testscripts.FootersScript<br>Parameters: [Ljava.lang.String;@c5ee75e</td>
<td></td>
<td>0</td>
<td>com.atmecs.assessment.testscripts.FootersScript@239963d8</td></tr>
<tr>
<td title='com.atmecs.assessment.testscripts.FootersScript.ServicesfooterValidation()'><b>ServicesfooterValidation</b><br>Test class: com.atmecs.assessment.testscripts.FootersScript<br>Parameters: [Ljava.lang.String;@48a12036</td>
<td></td>
<td>0</td>
<td>com.atmecs.assessment.testscripts.FootersScript@239963d8</td></tr>
<tr>
<td title='com.atmecs.assessment.testscripts.FootersScript.ServicesfooterValidation()'><b>ServicesfooterValidation</b><br>Test class: com.atmecs.assessment.testscripts.FootersScript<br>Parameters: [Ljava.lang.String;@bf1ec20</td>
<td></td>
<td>0</td>
<td>com.atmecs.assessment.testscripts.FootersScript@239963d8</td></tr>
<tr>
<td title='com.atmecs.assessment.testscripts.FootersScript.aboutusfooterValidation()'><b>aboutusfooterValidation</b><br>Test class: com.atmecs.assessment.testscripts.FootersScript<br>Parameters: [Ljava.lang.String;@70efb718</td>
<td></td>
<td>0</td>
<td>com.atmecs.assessment.testscripts.FootersScript@239963d8</td></tr>
<tr>
<td title='com.atmecs.assessment.testscripts.FootersScript.aboutusfooterValidation()'><b>aboutusfooterValidation</b><br>Test class: com.atmecs.assessment.testscripts.FootersScript<br>Parameters: [Ljava.lang.String;@b70da4c</td>
<td></td>
<td>0</td>
<td>com.atmecs.assessment.testscripts.FootersScript@239963d8</td></tr>
<tr>
<td title='com.atmecs.assessment.testscripts.FootersScript.aboutusfooterValidation()'><b>aboutusfooterValidation</b><br>Test class: com.atmecs.assessment.testscripts.FootersScript<br>Parameters: [Ljava.lang.String;@4a11eb84</td>
<td></td>
<td>0</td>
<td>com.atmecs.assessment.testscripts.FootersScript@239963d8</td></tr>
<tr>
<td title='com.atmecs.assessment.testscripts.FootersScript.aboutusfooterValidation()'><b>aboutusfooterValidation</b><br>Test class: com.atmecs.assessment.testscripts.FootersScript<br>Parameters: [Ljava.lang.String;@4e858e0a</td>
<td></td>
<td>0</td>
<td>com.atmecs.assessment.testscripts.FootersScript@239963d8</td></tr>
<tr>
<td title='com.atmecs.assessment.testscripts.FootersScript.careersfooterValidation()'><b>careersfooterValidation</b><br>Test class: com.atmecs.assessment.testscripts.FootersScript<br>Parameters: [Ljava.lang.String;@435fb7b5</td>
<td></td>
<td>0</td>
<td>com.atmecs.assessment.testscripts.FootersScript@239963d8</td></tr>
<tr>
<td title='com.atmecs.assessment.testscripts.FootersScript.careersfooterValidation()'><b>careersfooterValidation</b><br>Test class: com.atmecs.assessment.testscripts.FootersScript<br>Parameters: [Ljava.lang.String;@4e70a728</td>
<td></td>
<td>0</td>
<td>com.atmecs.assessment.testscripts.FootersScript@239963d8</td></tr>
<tr>
<td title='com.atmecs.assessment.testscripts.FootersScript.careersfooterValidation()'><b>careersfooterValidation</b><br>Test class: com.atmecs.assessment.testscripts.FootersScript<br>Parameters: [Ljava.lang.String;@b7838a9</td>
<td></td>
<td>0</td>
<td>com.atmecs.assessment.testscripts.FootersScript@239963d8</td></tr>
<tr>
<td title='com.atmecs.assessment.testscripts.FootersScript.careersfooterValidation()'><b>careersfooterValidation</b><br>Test class: com.atmecs.assessment.testscripts.FootersScript<br>Parameters: [Ljava.lang.String;@696f0212</td>
<td></td>
<td>0</td>
<td>com.atmecs.assessment.testscripts.FootersScript@239963d8</td></tr>
<tr>
<td title='com.atmecs.assessment.testscripts.FootersScript.contactfooterValidation()'><b>contactfooterValidation</b><br>Test class: com.atmecs.assessment.testscripts.FootersScript<br>Parameters: [Ljava.lang.String;@5733f295</td>
<td></td>
<td>0</td>
<td>com.atmecs.assessment.testscripts.FootersScript@239963d8</td></tr>
<tr>
<td title='com.atmecs.assessment.testscripts.FootersScript.contactfooterValidation()'><b>contactfooterValidation</b><br>Test class: com.atmecs.assessment.testscripts.FootersScript<br>Parameters: [Ljava.lang.String;@1c3146bc</td>
<td></td>
<td>0</td>
<td>com.atmecs.assessment.testscripts.FootersScript@239963d8</td></tr>
<tr>
<td title='com.atmecs.assessment.testscripts.FootersScript.contactfooterValidation()'><b>contactfooterValidation</b><br>Test class: com.atmecs.assessment.testscripts.FootersScript<br>Parameters: [Ljava.lang.String;@56c698e3</td>
<td></td>
<td>0</td>
<td>com.atmecs.assessment.testscripts.FootersScript@239963d8</td></tr>
<tr>
<td title='com.atmecs.assessment.testscripts.FootersScript.contactfooterValidation()'><b>contactfooterValidation</b><br>Test class: com.atmecs.assessment.testscripts.FootersScript<br>Parameters: [Ljava.lang.String;@47a86fbb</td>
<td></td>
<td>0</td>
<td>com.atmecs.assessment.testscripts.FootersScript@239963d8</td></tr>
<tr>
<td title='com.atmecs.assessment.testscripts.FootersScript.insightsfooterValidation()'><b>insightsfooterValidation</b><br>Test class: com.atmecs.assessment.testscripts.FootersScript<br>Parameters: [Ljava.lang.String;@f478a81</td>
<td></td>
<td>0</td>
<td>com.atmecs.assessment.testscripts.FootersScript@239963d8</td></tr>
<tr>
<td title='com.atmecs.assessment.testscripts.FootersScript.insightsfooterValidation()'><b>insightsfooterValidation</b><br>Test class: com.atmecs.assessment.testscripts.FootersScript<br>Parameters: [Ljava.lang.String;@19553973</td>
<td></td>
<td>0</td>
<td>com.atmecs.assessment.testscripts.FootersScript@239963d8</td></tr>
<tr>
<td title='com.atmecs.assessment.testscripts.FootersScript.insightsfooterValidation()'><b>insightsfooterValidation</b><br>Test class: com.atmecs.assessment.testscripts.FootersScript<br>Parameters: [Ljava.lang.String;@7bb6ab3a</td>
<td></td>
<td>0</td>
<td>com.atmecs.assessment.testscripts.FootersScript@239963d8</td></tr>
<tr>
<td title='com.atmecs.assessment.testscripts.FootersScript.insightsfooterValidation()'><b>insightsfooterValidation</b><br>Test class: com.atmecs.assessment.testscripts.FootersScript<br>Parameters: [Ljava.lang.String;@7fe7c640</td>
<td></td>
<td>0</td>
<td>com.atmecs.assessment.testscripts.FootersScript@239963d8</td></tr>
<tr>
<td title='com.atmecs.assessment.testscripts.FootersScript.mediafooterValidation()'><b>mediafooterValidation</b><br>Test class: com.atmecs.assessment.testscripts.FootersScript<br>Parameters: [Ljava.lang.String;@4c4748bf</td>
<td></td>
<td>0</td>
<td>com.atmecs.assessment.testscripts.FootersScript@239963d8</td></tr>
<tr>
<td title='com.atmecs.assessment.testscripts.FootersScript.mediafooterValidation()'><b>mediafooterValidation</b><br>Test class: com.atmecs.assessment.testscripts.FootersScript<br>Parameters: [Ljava.lang.String;@7ce97ee5</td>
<td></td>
<td>0</td>
<td>com.atmecs.assessment.testscripts.FootersScript@239963d8</td></tr>
<tr>
<td title='com.atmecs.assessment.testscripts.FootersScript.mediafooterValidation()'><b>mediafooterValidation</b><br>Test class: com.atmecs.assessment.testscripts.FootersScript<br>Parameters: [Ljava.lang.String;@32c8e539</td>
<td></td>
<td>0</td>
<td>com.atmecs.assessment.testscripts.FootersScript@239963d8</td></tr>
<tr>
<td title='com.atmecs.assessment.testscripts.FootersScript.mediafooterValidation()'><b>mediafooterValidation</b><br>Test class: com.atmecs.assessment.testscripts.FootersScript<br>Parameters: [Ljava.lang.String;@73dce0e6</td>
<td></td>
<td>0</td>
<td>com.atmecs.assessment.testscripts.FootersScript@239963d8</td></tr>
<tr>
<td title='com.atmecs.assessment.testscripts.FootersScript.patenersfooterValidation()'><b>patenersfooterValidation</b><br>Test class: com.atmecs.assessment.testscripts.FootersScript<br>Parameters: [Ljava.lang.String;@5a85c92</td>
<td></td>
<td>0</td>
<td>com.atmecs.assessment.testscripts.FootersScript@239963d8</td></tr>
<tr>
<td title='com.atmecs.assessment.testscripts.FootersScript.patenersfooterValidation()'><b>patenersfooterValidation</b><br>Test class: com.atmecs.assessment.testscripts.FootersScript<br>Parameters: [Ljava.lang.String;@32811494</td>
<td></td>
<td>0</td>
<td>com.atmecs.assessment.testscripts.FootersScript@239963d8</td></tr>
<tr>
<td title='com.atmecs.assessment.testscripts.FootersScript.patenersfooterValidation()'><b>patenersfooterValidation</b><br>Test class: com.atmecs.assessment.testscripts.FootersScript<br>Parameters: [Ljava.lang.String;@4795ded0</td>
<td></td>
<td>0</td>
<td>com.atmecs.assessment.testscripts.FootersScript@239963d8</td></tr>
<tr>
<td title='com.atmecs.assessment.testscripts.FootersScript.patenersfooterValidation()'><b>patenersfooterValidation</b><br>Test class: com.atmecs.assessment.testscripts.FootersScript<br>Parameters: [Ljava.lang.String;@53dacd14</td>
<td></td>
<td>0</td>
<td>com.atmecs.assessment.testscripts.FootersScript@239963d8</td></tr>
</table><p>
</body>
</html>