<?xml version="1.0" encoding="UTF-8"?>
<!-- Generated by org.testng.reporters.JUnitReportReporter -->
<testsuite skipped="0" hostname="ATMECSINLT-033" name="com.atmecs.assessment.testscripts.FootersScript" tests="32" failures="4" timestamp="30 Sep 2019 14:21:02 GMT" time="1.890" errors="0">
  <testcase name="homefooterValidation" time="0.308" classname="com.atmecs.assessment.testscripts.FootersScript">
    <failure type="java.lang.AssertionError" message="Contact Us expected:&lt;null&gt; but was:&lt;assertion not done&gt;">
      <![CDATA[java.lang.AssertionError: Contact Us expected:<null> but was:<assertion not done>
at org.junit.Assert.fail(Assert.java:91)
at org.junit.Assert.failNotEquals(Assert.java:645)
at org.junit.Assert.assertEquals(Assert.java:126)
at com.atmecs.assessment.pages.Footers.sitemapValidation(Footers.java:44)
at com.atmecs.assessment.pages.Footers.clickOnHeaders(Footers.java:29)
at com.atmecs.assessment.testscripts.FootersScript.homefooterValidation(FootersScript.java:25)
at sun.reflect.NativeMethodAccessorImpl.invoke0(Native Method)
at sun.reflect.NativeMethodAccessorImpl.invoke(NativeMethodAccessorImpl.java:62)
at sun.reflect.DelegatingMethodAccessorImpl.invoke(DelegatingMethodAccessorImpl.java:43)
at java.lang.reflect.Method.invoke(Method.java:498)
at org.testng.internal.MethodInvocationHelper.invokeMethod(MethodInvocationHelper.java:124)
at org.testng.internal.Invoker.invokeMethod(Invoker.java:583)
at org.testng.internal.Invoker.invokeTestMethod(Invoker.java:719)
at org.testng.internal.Invoker.invokeTestMethods(Invoker.java:989)
at org.testng.internal.TestMethodWorker.invokeTestMethods(TestMethodWorker.java:125)
at org.testng.internal.TestMethodWorker.run(TestMethodWorker.java:109)
at org.testng.TestRunner.privateRun(TestRunner.java:648)
at org.testng.TestRunner.run(TestRunner.java:505)
at org.testng.SuiteRunner.runTest(SuiteRunner.java:455)
at org.testng.SuiteRunner.runSequentially(SuiteRunner.java:450)
at org.testng.SuiteRunner.privateRun(SuiteRunner.java:415)
at org.testng.SuiteRunner.run(SuiteRunner.java:364)
at org.testng.SuiteRunnerWorker.runSuite(SuiteRunnerWorker.java:52)
at org.testng.SuiteRunnerWorker.run(SuiteRunnerWorker.java:84)
at org.testng.TestNG.runSuitesSequentially(TestNG.java:1208)
at org.testng.TestNG.runSuitesLocally(TestNG.java:1137)
at org.testng.TestNG.runSuites(TestNG.java:1049)
at org.testng.TestNG.run(TestNG.java:1017)
at org.testng.remote.AbstractRemoteTestNG.run(AbstractRemoteTestNG.java:115)
at org.testng.remote.RemoteTestNG.initAndRun(RemoteTestNG.java:251)
at org.testng.remote.RemoteTestNG.main(RemoteTestNG.java:77)
]]>
    </failure>
  </testcase> <!-- homefooterValidation -->
  <testcase name="homefooterValidation" time="0.958" classname="com.atmecs.assessment.testscripts.FootersScript">
    <failure type="org.junit.ComparisonFailure" message="Sitemap expected:&lt;[Quality Engineering]&gt; but was:&lt;[assertion not done]&gt;">
      <![CDATA[org.junit.ComparisonFailure: Sitemap expected:<[Quality Engineering]> but was:<[assertion not done]>
at org.junit.Assert.assertEquals(Assert.java:123)
at com.atmecs.assessment.pages.Footers.sitemapValidation(Footers.java:44)
at com.atmecs.assessment.pages.Footers.clickOnHeaders(Footers.java:16)
at com.atmecs.assessment.testscripts.FootersScript.homefooterValidation(FootersScript.java:25)
at sun.reflect.NativeMethodAccessorImpl.invoke0(Native Method)
at sun.reflect.NativeMethodAccessorImpl.invoke(NativeMethodAccessorImpl.java:62)
at sun.reflect.DelegatingMethodAccessorImpl.invoke(DelegatingMethodAccessorImpl.java:43)
at java.lang.reflect.Method.invoke(Method.java:498)
at org.testng.internal.MethodInvocationHelper.invokeMethod(MethodInvocationHelper.java:124)
at org.testng.internal.Invoker.invokeMethod(Invoker.java:583)
at org.testng.internal.Invoker.invokeTestMethod(Invoker.java:719)
at org.testng.internal.Invoker.invokeTestMethods(Invoker.java:989)
at org.testng.internal.TestMethodWorker.invokeTestMethods(TestMethodWorker.java:125)
at org.testng.internal.TestMethodWorker.run(TestMethodWorker.java:109)
at org.testng.TestRunner.privateRun(TestRunner.java:648)
at org.testng.TestRunner.run(TestRunner.java:505)
at org.testng.SuiteRunner.runTest(SuiteRunner.java:455)
at org.testng.SuiteRunner.runSequentially(SuiteRunner.java:450)
at org.testng.SuiteRunner.privateRun(SuiteRunner.java:415)
at org.testng.SuiteRunner.run(SuiteRunner.java:364)
at org.testng.SuiteRunnerWorker.runSuite(SuiteRunnerWorker.java:52)
at org.testng.SuiteRunnerWorker.run(SuiteRunnerWorker.java:84)
at org.testng.TestNG.runSuitesSequentially(TestNG.java:1208)
at org.testng.TestNG.runSuitesLocally(TestNG.java:1137)
at org.testng.TestNG.runSuites(TestNG.java:1049)
at org.testng.TestNG.run(TestNG.java:1017)
at org.testng.remote.AbstractRemoteTestNG.run(AbstractRemoteTestNG.java:115)
at org.testng.remote.RemoteTestNG.initAndRun(RemoteTestNG.java:251)
at org.testng.remote.RemoteTestNG.main(RemoteTestNG.java:77)
]]>
    </failure>
  </testcase> <!-- homefooterValidation -->
  <testcase name="homefooterValidation" time="0.308" classname="com.atmecs.assessment.testscripts.FootersScript">
    <failure type="org.junit.ComparisonFailure" message="Services expected:&lt;[Automation Engineer]&gt; but was:&lt;[assertion not done]&gt;">
      <![CDATA[org.junit.ComparisonFailure: Services expected:<[Automation Engineer]> but was:<[assertion not done]>
at org.junit.Assert.assertEquals(Assert.java:123)
at com.atmecs.assessment.pages.Footers.sitemapValidation(Footers.java:44)
at com.atmecs.assessment.pages.Footers.clickOnHeaders(Footers.java:21)
at com.atmecs.assessment.testscripts.FootersScript.homefooterValidation(FootersScript.java:25)
at sun.reflect.NativeMethodAccessorImpl.invoke0(Native Method)
at sun.reflect.NativeMethodAccessorImpl.invoke(NativeMethodAccessorImpl.java:62)
at sun.reflect.DelegatingMethodAccessorImpl.invoke(DelegatingMethodAccessorImpl.java:43)
at java.lang.reflect.Method.invoke(Method.java:498)
at org.testng.internal.MethodInvocationHelper.invokeMethod(MethodInvocationHelper.java:124)
at org.testng.internal.Invoker.invokeMethod(Invoker.java:583)
at org.testng.internal.Invoker.invokeTestMethod(Invoker.java:719)
at org.testng.internal.Invoker.invokeTestMethods(Invoker.java:989)
at org.testng.internal.TestMethodWorker.invokeTestMethods(TestMethodWorker.java:125)
at org.testng.internal.TestMethodWorker.run(TestMethodWorker.java:109)
at org.testng.TestRunner.privateRun(TestRunner.java:648)
at org.testng.TestRunner.run(TestRunner.java:505)
at org.testng.SuiteRunner.runTest(SuiteRunner.java:455)
at org.testng.SuiteRunner.runSequentially(SuiteRunner.java:450)
at org.testng.SuiteRunner.privateRun(SuiteRunner.java:415)
at org.testng.SuiteRunner.run(SuiteRunner.java:364)
at org.testng.SuiteRunnerWorker.runSuite(SuiteRunnerWorker.java:52)
at org.testng.SuiteRunnerWorker.run(SuiteRunnerWorker.java:84)
at org.testng.TestNG.runSuitesSequentially(TestNG.java:1208)
at org.testng.TestNG.runSuitesLocally(TestNG.java:1137)
at org.testng.TestNG.runSuites(TestNG.java:1049)
at org.testng.TestNG.run(TestNG.java:1017)
at org.testng.remote.AbstractRemoteTestNG.run(AbstractRemoteTestNG.java:115)
at org.testng.remote.RemoteTestNG.initAndRun(RemoteTestNG.java:251)
at org.testng.remote.RemoteTestNG.main(RemoteTestNG.java:77)
]]>
    </failure>
  </testcase> <!-- homefooterValidation -->
  <testcase name="homefooterValidation" time="0.248" classname="com.atmecs.assessment.testscripts.FootersScript">
    <failure type="org.junit.ComparisonFailure" message="Careers expected:&lt;[US Headquarters]&gt; but was:&lt;[assertion not done]&gt;">
      <![CDATA[org.junit.ComparisonFailure: Careers expected:<[US Headquarters]> but was:<[assertion not done]>
at org.junit.Assert.assertEquals(Assert.java:123)
at com.atmecs.assessment.pages.Footers.sitemapValidation(Footers.java:44)
at com.atmecs.assessment.pages.Footers.clickOnHeaders(Footers.java:25)
at com.atmecs.assessment.testscripts.FootersScript.homefooterValidation(FootersScript.java:25)
at sun.reflect.NativeMethodAccessorImpl.invoke0(Native Method)
at sun.reflect.NativeMethodAccessorImpl.invoke(NativeMethodAccessorImpl.java:62)
at sun.reflect.DelegatingMethodAccessorImpl.invoke(DelegatingMethodAccessorImpl.java:43)
at java.lang.reflect.Method.invoke(Method.java:498)
at org.testng.internal.MethodInvocationHelper.invokeMethod(MethodInvocationHelper.java:124)
at org.testng.internal.Invoker.invokeMethod(Invoker.java:583)
at org.testng.internal.Invoker.invokeTestMethod(Invoker.java:719)
at org.testng.internal.Invoker.invokeTestMethods(Invoker.java:989)
at org.testng.internal.TestMethodWorker.invokeTestMethods(TestMethodWorker.java:125)
at org.testng.internal.TestMethodWorker.run(TestMethodWorker.java:109)
at org.testng.TestRunner.privateRun(TestRunner.java:648)
at org.testng.TestRunner.run(TestRunner.java:505)
at org.testng.SuiteRunner.runTest(SuiteRunner.java:455)
at org.testng.SuiteRunner.runSequentially(SuiteRunner.java:450)
at org.testng.SuiteRunner.privateRun(SuiteRunner.java:415)
at org.testng.SuiteRunner.run(SuiteRunner.java:364)
at org.testng.SuiteRunnerWorker.runSuite(SuiteRunnerWorker.java:52)
at org.testng.SuiteRunnerWorker.run(SuiteRunnerWorker.java:84)
at org.testng.TestNG.runSuitesSequentially(TestNG.java:1208)
at org.testng.TestNG.runSuitesLocally(TestNG.java:1137)
at org.testng.TestNG.runSuites(TestNG.java:1049)
at org.testng.TestNG.run(TestNG.java:1017)
at org.testng.remote.AbstractRemoteTestNG.run(AbstractRemoteTestNG.java:115)
at org.testng.remote.RemoteTestNG.initAndRun(RemoteTestNG.java:251)
at org.testng.remote.RemoteTestNG.main(RemoteTestNG.java:77)
]]>
    </failure>
  </testcase> <!-- homefooterValidation -->
  <testcase name="aboutusfooterValidation" time="0.008" classname="com.atmecs.assessment.testscripts.FootersScript"/>
  <testcase name="aboutusfooterValidation" time="0.004" classname="com.atmecs.assessment.testscripts.FootersScript"/>
  <testcase name="aboutusfooterValidation" time="0.004" classname="com.atmecs.assessment.testscripts.FootersScript"/>
  <testcase name="aboutusfooterValidation" time="0.008" classname="com.atmecs.assessment.testscripts.FootersScript"/>
  <testcase name="ServicesfooterValidation" time="0.004" classname="com.atmecs.assessment.testscripts.FootersScript"/>
  <testcase name="ServicesfooterValidation" time="0.000" classname="com.atmecs.assessment.testscripts.FootersScript"/>
  <testcase name="ServicesfooterValidation" time="0.008" classname="com.atmecs.assessment.testscripts.FootersScript"/>
  <testcase name="ServicesfooterValidation" time="0.000" classname="com.atmecs.assessment.testscripts.FootersScript"/>
  <testcase name="patenersfooterValidation" time="0.004" classname="com.atmecs.assessment.testscripts.FootersScript"/>
  <testcase name="patenersfooterValidation" time="0.000" classname="com.atmecs.assessment.testscripts.FootersScript"/>
  <testcase name="patenersfooterValidation" time="0.004" classname="com.atmecs.assessment.testscripts.FootersScript"/>
  <testcase name="patenersfooterValidation" time="0.004" classname="com.atmecs.assessment.testscripts.FootersScript"/>
  <testcase name="mediafooterValidation" time="0.004" classname="com.atmecs.assessment.testscripts.FootersScript"/>
  <testcase name="mediafooterValidation" time="0.000" classname="com.atmecs.assessment.testscripts.FootersScript"/>
  <testcase name="mediafooterValidation" time="0.000" classname="com.atmecs.assessment.testscripts.FootersScript"/>
  <testcase name="mediafooterValidation" time="0.000" classname="com.atmecs.assessment.testscripts.FootersScript"/>
  <testcase name="insightsfooterValidation" time="0.004" classname="com.atmecs.assessment.testscripts.FootersScript"/>
  <testcase name="insightsfooterValidation" time="0.004" classname="com.atmecs.assessment.testscripts.FootersScript"/>
  <testcase name="insightsfooterValidation" time="0.000" classname="com.atmecs.assessment.testscripts.FootersScript"/>
  <testcase name="insightsfooterValidation" time="0.004" classname="com.atmecs.assessment.testscripts.FootersScript"/>
  <testcase name="careersfooterValidation" time="0.000" classname="com.atmecs.assessment.testscripts.FootersScript"/>
  <testcase name="careersfooterValidation" time="0.000" classname="com.atmecs.assessment.testscripts.FootersScript"/>
  <testcase name="careersfooterValidation" time="0.004" classname="com.atmecs.assessment.testscripts.FootersScript"/>
  <testcase name="careersfooterValidation" time="0.000" classname="com.atmecs.assessment.testscripts.FootersScript"/>
  <testcase name="contactfooterValidation" time="0.000" classname="com.atmecs.assessment.testscripts.FootersScript"/>
  <testcase name="contactfooterValidation" time="0.000" classname="com.atmecs.assessment.testscripts.FootersScript"/>
  <testcase name="contactfooterValidation" time="0.000" classname="com.atmecs.assessment.testscripts.FootersScript"/>
  <testcase name="contactfooterValidation" time="0.000" classname="com.atmecs.assessment.testscripts.FootersScript"/>
</testsuite> <!-- com.atmecs.assessment.testscripts.FootersScript -->
